[INFO ] 2023-01-21 13:04:59.785 [main] BaseClass - User Has Launched Chrome Browser
[INFO ] 2023-01-21 13:05:12.276 [main] BaseClass - User Has Launched Chrome Browser
[INFO ] 2023-01-21 13:05:21.471 [main] BaseClass - User Has Launched Chrome Browser
[INFO ] 2023-01-21 13:05:36.201 [main] BaseClass - User Has Launched Chrome Browser
[INFO ] 2023-01-21 13:05:40.615 [main] BaseClass - User Shoud be taken to Edit Tab Of Address Book Page
[INFO ] 2023-01-21 13:05:53.554 [main] BaseClass - User Has Launched Chrome Browser
[INFO ] 2023-01-21 13:05:57.700 [main] BaseClass - User Shoud be taken to Edit Tab Of Address Book Page
[INFO ] 2023-01-21 13:06:08.408 [main] BaseClass - User Has Launched Chrome Browser
[INFO ] 2023-01-21 13:06:20.486 [main] BaseClass - User Has Launched Chrome Browser
[INFO ] 2023-01-21 13:06:24.329 [main] BaseClass - User Is Taken To New Address Tab In Address Book Page
[INFO ] 2023-01-21 13:06:39.264 [main] BaseClass - User Has Launched Chrome Browser
[INFO ] 2023-01-21 13:06:48.590 [main] BaseClass - User Has Launched Chrome Browser
[INFO ] 2023-01-21 13:07:00.403 [main] BaseClass - User Has Launched Chrome Browser
[INFO ] 2023-01-21 13:07:03.279 [main] BaseClass - User Navigated To Product Page Title: iMac
[INFO ] 2023-01-21 13:07:09.779 [main] BaseClass - User Has Launched Chrome Browser
[INFO ] 2023-01-21 13:07:15.181 [main] BaseClass - User Navigated To Product Page Title: iMac
[INFO ] 2023-01-21 13:07:24.173 [main] BaseClass - User Has Launched Chrome Browser
[INFO ] 2023-01-21 13:07:33.180 [main] BaseClass - User Has Launched Chrome Browser
[INFO ] 2023-01-21 13:07:36.278 [main] BaseClass - User Navigated To Product Page Title: iMac
[INFO ] 2023-01-21 13:07:44.381 [main] BaseClass - User Has Launched Chrome Browser
[INFO ] 2023-01-21 13:07:51.316 [main] BaseClass - User Navigated To Product Page Title: HP LP3065
[INFO ] 2023-01-21 13:08:13.333 [main] BaseClass - User Has Launched Chrome Browser
[INFO ] 2023-01-21 13:08:17.153 [main] BaseClass - User Navigated To Product Page Title: MacBook
[INFO ] 2023-01-21 13:08:30.618 [main] BaseClass - User Has Launched Chrome Browser
[INFO ] 2023-01-21 13:08:39.825 [main] BaseClass - User Has Launched Chrome Browser
[INFO ] 2023-01-21 13:08:52.205 [main] BaseClass - User Has Launched Chrome Browser
[INFO ] 2023-01-21 13:09:05.908 [main] BaseClass - User Has Launched Chrome Browser
[INFO ] 2023-01-21 13:09:12.156 [main] BaseClass - Warning: No match for E-Mail Address and/or Password.
[INFO ] 2023-01-21 13:09:17.790 [main] BaseClass - Warning: No match for E-Mail Address and/or Password.
[INFO ] 2023-01-21 13:09:29.606 [main] BaseClass - User Has Launched Chrome Browser
[INFO ] 2023-01-21 13:09:41.663 [main] BaseClass - User Has Launched Chrome Browser
[INFO ] 2023-01-21 13:09:53.875 [main] BaseClass - User Has Launched Chrome Browser
[INFO ] 2023-01-21 13:10:06.628 [main] BaseClass - User Has Launched Chrome Browser
[INFO ] 2023-01-21 13:10:13.030 [main] BaseClass - User Has Launched Chrome Browser
[INFO ] 2023-01-21 13:10:16.020 [main] BaseClass - User Navigated To Product Page Title: HP LP3065
[INFO ] 2023-01-21 13:10:23.856 [main] BaseClass - User Has Launched Chrome Browser
[INFO ] 2023-01-21 13:10:27.241 [main] BaseClass - User Navigated To Product Page Title: HP LP3065
[INFO ] 2023-01-21 13:10:37.764 [main] BaseClass - User Has Launched Chrome Browser
[INFO ] 2023-01-21 13:10:43.182 [main] BaseClass - User Navigated To Product Page Title: HP LP3065
[INFO ] 2023-01-21 13:10:46.323 [main] BaseClass - New Tab For Delivery Details Were Displayed In Checkoutpage
[INFO ] 2023-01-21 13:10:47.562 [main] BaseClass - New Tab For Delivery Method Were Displayed In Checkoutpage
[INFO ] 2023-01-21 13:10:48.715 [main] BaseClass - New Tab For Payment Method Were Displayed In Checkoutpage
[INFO ] 2023-01-21 13:10:49.911 [main] BaseClass - New Tab For Confirm order Were Displayed In Checkoutpage
[INFO ] 2023-01-21 13:11:10.537 [main] BaseClass - User Has Launched Chrome Browser
[INFO ] 2023-01-21 13:11:19.891 [main] BaseClass - User Navigated To Product Page Title: HP LP3065
[INFO ] 2023-01-21 13:11:27.678 [main] BaseClass - New Tab For Delivery Details Were Displayed In Checkoutpage
[INFO ] 2023-01-21 13:11:29.025 [main] BaseClass - New Tab For Delivery Method Were Displayed In Checkoutpage
[INFO ] 2023-01-21 13:11:30.253 [main] BaseClass - New Tab For Payment Method Were Displayed In Checkoutpage
[INFO ] 2023-01-21 13:11:31.419 [main] BaseClass - New Tab For Confirm order Were Displayed In Checkoutpage
[INFO ] 2023-01-21 13:11:58.985 [main] BaseClass - User Has Launched Chrome Browser
[INFO ] 2023-01-21 13:12:02.385 [main] BaseClass - User Navigated To Product Page Title: HP LP3065
[INFO ] 2023-01-21 13:12:12.638 [main] BaseClass - New Tab For Delivery Method Were Displayed In Checkoutpage
[INFO ] 2023-01-21 13:12:13.772 [main] BaseClass - New Tab For Payment Method Were Displayed In Checkoutpage
[INFO ] 2023-01-21 13:12:14.951 [main] BaseClass - New Tab For Confirm order Were Displayed In Checkoutpage
[INFO ] 2023-01-21 13:12:26.519 [main] BaseClass - User Has Launched Chrome Browser
[INFO ] 2023-01-21 13:12:29.842 [main] BaseClass - User Navigated To Product Page Title: HP LP3065
[INFO ] 2023-01-21 13:12:40.214 [main] BaseClass - New Tab For Delivery Details Were Displayed In Checkoutpage
[INFO ] 2023-01-21 13:12:41.451 [main] BaseClass - New Tab For Delivery Method Were Displayed In Checkoutpage
[INFO ] 2023-01-21 13:12:42.586 [main] BaseClass - New Tab For Payment Method Were Displayed In Checkoutpage
[INFO ] 2023-01-21 13:12:43.753 [main] BaseClass - New Tab For Confirm order Were Displayed In Checkoutpage
[INFO ] 2023-01-21 13:12:55.682 [main] BaseClass - User Has Launched Chrome Browser
[INFO ] 2023-01-21 13:12:58.943 [main] BaseClass - User Navigated To Product Page Title: HP LP3065
[INFO ] 2023-01-21 13:13:03.359 [main] BaseClass - New Tab For Account And Billing Details Were Displayed In Checkoutpage
[INFO ] 2023-01-21 13:13:04.668 [main] BaseClass - New Tab For Delivery Details Were Displayed In Checkoutpage
[INFO ] 2023-01-21 13:13:05.892 [main] BaseClass - New Tab For Delivery Method Were Displayed In Checkoutpage
[INFO ] 2023-01-21 13:13:07.064 [main] BaseClass - New Tab For Payment Method Were Displayed In Checkoutpage
[INFO ] 2023-01-21 13:13:08.273 [main] BaseClass - New Tab For Confirm order Were Displayed In Checkoutpage
[INFO ] 2023-01-21 13:13:16.388 [main] BaseClass - User Has Launched Chrome Browser
[INFO ] 2023-01-21 13:13:21.868 [main] BaseClass - User Has Launched Chrome Browser
[INFO ] 2023-01-21 13:13:27.468 [main] BaseClass - User Has Launched Chrome Browser
[INFO ] 2023-01-21 13:13:30.589 [main] BaseClass - User Navigated To Product Page Title: HP LP3065
[INFO ] 2023-01-21 13:13:35.251 [main] BaseClass - New Tab For Account And Billing Details Were Displayed In Checkoutpage
[INFO ] 2023-01-21 13:13:36.561 [main] BaseClass - New Tab For Delivery Details Were Displayed In Checkoutpage
[INFO ] 2023-01-21 13:13:37.798 [main] BaseClass - New Tab For Delivery Method Were Displayed In Checkoutpage
[INFO ] 2023-01-21 13:13:38.925 [main] BaseClass - New Tab For Payment Method Were Displayed In Checkoutpage
[INFO ] 2023-01-21 13:13:40.094 [main] BaseClass - New Tab For Confirm order Were Displayed In Checkoutpage
[INFO ] 2023-01-21 13:13:58.711 [main] BaseClass - User Has Launched Chrome Browser
[INFO ] 2023-01-21 13:14:08.802 [main] BaseClass - User Has Launched Chrome Browser
[INFO ] 2023-01-21 13:14:20.352 [main] BaseClass - User Has Launched Chrome Browser
[INFO ] 2023-01-21 13:14:30.888 [main] BaseClass - User Has Launched Chrome Browser
[INFO ] 2023-01-21 13:14:41.318 [main] BaseClass - User Has Launched Chrome Browser
[INFO ] 2023-01-21 13:14:57.302 [main] BaseClass - User Has Launched Chrome Browser
[INFO ] 2023-01-21 13:15:09.167 [main] BaseClass - User Has Launched Chrome Browser
[INFO ] 2023-01-21 13:15:20.181 [main] BaseClass - User Has Launched Chrome Browser
[INFO ] 2023-01-21 13:15:32.597 [main] BaseClass - User Has Launched Chrome Browser
[INFO ] 2023-01-21 13:15:41.655 [main] BaseClass - User Has Launched Chrome Browser
[INFO ] 2023-01-21 13:15:50.292 [main] BaseClass - User Has Launched Chrome Browser
[INFO ] 2023-01-21 13:16:00.100 [main] BaseClass - User Has Launched Chrome Browser
[INFO ] 2023-01-21 13:16:09.898 [main] BaseClass - User Has Launched Chrome Browser
[INFO ] 2023-01-21 13:16:18.140 [main] BaseClass - User Has Launched Chrome Browser
[INFO ] 2023-01-21 13:16:25.874 [main] BaseClass - User Has Launched Chrome Browser
[INFO ] 2023-01-21 13:16:33.143 [main] BaseClass - User Has Launched Chrome Browser
[INFO ] 2023-01-21 13:16:41.525 [main] BaseClass - User Has Launched Chrome Browser
[INFO ] 2023-01-21 13:16:52.889 [main] BaseClass - User Has Launched Chrome Browser
[INFO ] 2023-01-21 13:17:03.030 [main] BaseClass - User Has Launched Chrome Browser
[INFO ] 2023-01-21 13:17:15.039 [main] BaseClass - User Has Launched Chrome Browser
[INFO ] 2023-01-21 13:17:25.988 [main] BaseClass - User Has Launched Chrome Browser
[INFO ] 2023-01-21 13:17:37.349 [main] BaseClass - User Has Launched Chrome Browser
[INFO ] 2023-01-21 13:17:51.995 [main] BaseClass - User Has Launched Chrome Browser
[INFO ] 2023-01-21 13:18:01.295 [main] BaseClass - User Has Launched Chrome Browser
[INFO ] 2023-01-21 13:18:10.180 [main] BaseClass - User Has Launched Chrome Browser
[INFO ] 2023-01-21 13:18:19.830 [main] BaseClass - User Has Launched Chrome Browser
[INFO ] 2023-01-21 13:18:28.462 [main] BaseClass - User Has Launched Chrome Browser
[INFO ] 2023-01-21 13:18:38.455 [main] BaseClass - User Has Launched Chrome Browser
[INFO ] 2023-01-21 13:18:47.400 [main] BaseClass - User Has Launched Chrome Browser
[INFO ] 2023-01-21 13:18:56.859 [main] BaseClass - User Has Launched Chrome Browser
[INFO ] 2023-01-21 13:19:05.775 [main] BaseClass - User Has Launched Chrome Browser
[INFO ] 2023-01-21 13:19:31.199 [main] BaseClass - User Taken To Appropriate Test
[INFO ] 2023-01-21 13:19:45.576 [main] BaseClass - User Has Launched Chrome Browser
[INFO ] 2023-01-21 13:19:49.199 [main] BaseClass - User Navigated To Product Page Title: iMac
[INFO ] 2023-01-21 13:20:01.415 [main] BaseClass - User Has Launched Chrome Browser
[INFO ] 2023-01-21 13:20:04.615 [main] BaseClass - User Navigated To Product Page Title: HP LP3065
[INFO ] 2023-01-21 13:20:09.766 [main] BaseClass - New Tab For Account And Billing Details Were Displayed In Checkoutpage
[INFO ] 2023-01-21 13:20:11.095 [main] BaseClass - New Tab For Delivery Details Were Displayed In Checkoutpage
[INFO ] 2023-01-21 13:20:12.339 [main] BaseClass - New Tab For Delivery Method Were Displayed In Checkoutpage
[INFO ] 2023-01-21 13:20:13.486 [main] BaseClass - New Tab For Payment Method Were Displayed In Checkoutpage
[INFO ] 2023-01-21 13:20:14.698 [main] BaseClass - New Tab For Confirm order Were Displayed In Checkoutpage
[INFO ] 2023-01-21 13:20:32.213 [main] BaseClass - User Has Launched Chrome Browser
[INFO ] 2023-01-21 13:20:40.248 [main] BaseClass - User Has Launched Chrome Browser
[INFO ] 2023-01-21 13:20:49.128 [main] BaseClass - User Has Launched Chrome Browser
[INFO ] 2023-01-21 13:20:51.200 [main] BaseClass - Warning: No match for E-Mail Address and/or Password.
[INFO ] 2023-01-21 13:20:58.980 [main] BaseClass - User Has Launched Chrome Browser
[INFO ] 2023-01-21 13:21:01.083 [main] BaseClass - Warning: No match for E-Mail Address and/or Password.
[INFO ] 2023-01-21 13:21:10.657 [main] BaseClass - User Has Launched Chrome Browser
[INFO ] 2023-01-21 13:21:12.773 [main] BaseClass - Warning: No match for E-Mail Address and/or Password.
[INFO ] 2023-01-21 13:21:21.646 [main] BaseClass - User Has Launched Chrome Browser
[INFO ] 2023-01-21 13:21:24.070 [main] BaseClass - Warning: No match for E-Mail Address and/or Password.
[INFO ] 2023-01-21 13:21:33.313 [main] BaseClass - User Has Launched Chrome Browser
[INFO ] 2023-01-21 13:21:35.475 [main] BaseClass - Warning: No match for E-Mail Address and/or Password.
[INFO ] 2023-01-21 13:21:46.132 [main] BaseClass - User Has Launched Chrome Browser
[INFO ] 2023-01-21 13:21:48.348 [main] BaseClass - Warning: No match for E-Mail Address and/or Password.
[INFO ] 2023-01-21 13:21:56.707 [main] BaseClass - User Has Launched Chrome Browser
[INFO ] 2023-01-21 13:21:57.439 [main] BaseClass - User Will Not Enter Any Credentials Into Email And Password Fields
[INFO ] 2023-01-21 13:21:58.201 [main] BaseClass - Warning: No match for E-Mail Address and/or Password.
[INFO ] 2023-01-21 13:22:06.067 [main] BaseClass - User Has Launched Chrome Browser
[INFO ] 2023-01-21 13:22:15.226 [main] BaseClass - User Has Launched Chrome Browser
[INFO ] 2023-01-21 13:22:23.069 [main] BaseClass - User Has Launched Chrome Browser
[INFO ] 2023-01-21 13:22:48.371 [main] BaseClass - User Has Launched Chrome Browser
[INFO ] 2023-01-21 13:23:04.201 [main] BaseClass - User Has Launched Chrome Browser
[INFO ] 2023-01-21 13:23:14.766 [main] BaseClass - User Has Launched Chrome Browser
[INFO ] 2023-01-21 13:23:34.793 [main] BaseClass - User Has Launched Chrome Browser
[INFO ] 2023-01-21 13:23:49.347 [main] BaseClass - User Has Launched Chrome Browser
[INFO ] 2023-01-21 13:24:04.775 [main] BaseClass - User Has Launched Chrome Browser
[INFO ] 2023-01-21 13:24:26.728 [main] BaseClass - User Has Launched Chrome Browser
[INFO ] 2023-01-21 13:25:44.985 [main] BaseClass - User Has Launched Chrome Browser
[INFO ] 2023-01-21 13:26:01.551 [main] BaseClass - User Has Launched Chrome Browser
[INFO ] 2023-01-21 13:26:15.169 [main] BaseClass - User Has Launched Chrome Browser
[INFO ] 2023-01-21 13:26:27.746 [main] BaseClass - User Has Launched Chrome Browser
[INFO ] 2023-01-21 13:26:36.575 [main] BaseClass - User Has Launched Chrome Browser
[INFO ] 2023-01-21 13:26:45.215 [main] BaseClass - User Has Launched Chrome Browser
[INFO ] 2023-01-21 13:26:56.442 [main] BaseClass - User Has Launched Chrome Browser
[INFO ] 2023-01-21 13:27:06.702 [main] BaseClass - User Has Launched Chrome Browser
[INFO ] 2023-01-21 13:27:19.126 [main] BaseClass - User Has Launched Chrome Browser
[INFO ] 2023-01-21 13:27:29.132 [main] BaseClass - User Has Launched Chrome Browser
[INFO ] 2023-01-21 13:27:39.404 [main] BaseClass - User Has Launched Chrome Browser
[INFO ] 2023-01-21 13:27:48.744 [main] BaseClass - User Has Launched Chrome Browser
[INFO ] 2023-01-21 13:27:58.202 [main] BaseClass - User Has Launched Chrome Browser
[INFO ] 2023-01-21 13:28:08.592 [main] BaseClass - User Has Launched Chrome Browser
[INFO ] 2023-01-21 13:28:16.651 [main] BaseClass - User Has Launched Chrome Browser
[INFO ] 2023-01-21 13:28:29.713 [main] BaseClass - User Has Launched Chrome Browser
[INFO ] 2023-01-21 13:28:42.187 [main] BaseClass - User Has Launched Chrome Browser
[INFO ] 2023-01-21 13:28:51.099 [main] BaseClass - User Has Launched Chrome Browser
[INFO ] 2023-01-21 13:29:04.533 [main] BaseClass - User Has Launched Chrome Browser
[INFO ] 2023-01-21 13:29:13.242 [main] BaseClass - User Has Launched Chrome Browser
[INFO ] 2023-01-21 13:29:21.027 [main] BaseClass - User Has Launched Chrome Browser
[INFO ] 2023-01-21 13:29:30.873 [main] BaseClass - User Has Launched Chrome Browser
[INFO ] 2023-01-21 13:29:39.768 [main] BaseClass - User Has Launched Chrome Browser
[INFO ] 2023-01-21 13:29:48.959 [main] BaseClass - User Has Launched Chrome Browser
[INFO ] 2023-01-21 13:30:04.413 [main] BaseClass - User Has Launched Chrome Browser
[INFO ] 2023-01-21 13:30:18.203 [main] BaseClass - User Has Launched Chrome Browser
[INFO ] 2023-01-21 13:30:30.614 [main] BaseClass - User Has Launched Chrome Browser
[INFO ] 2023-01-21 13:30:39.908 [main] BaseClass - User Has Launched Chrome Browser
[INFO ] 2023-01-21 13:30:43.884 [main] BaseClass - Product Details: Order ID: #13146
Date Added: 09/01/2023 Payment Method: Cash On Delivery
Shipping Method: Flat Shipping Rate
[INFO ] 2023-01-21 13:30:49.002 [main] BaseClass - User Has Launched Chrome Browser
[INFO ] 2023-01-21 13:30:52.154 [main] BaseClass - User Navigated To Product Page Title: iMac
[INFO ] 2023-01-21 13:31:02.166 [main] BaseClass - User Has Launched Chrome Browser
[INFO ] 2023-01-21 13:31:16.873 [main] BaseClass - User Has Launched Chrome Browser
[INFO ] 2023-01-21 13:31:29.270 [main] BaseClass - User Has Launched Chrome Browser
[INFO ] 2023-01-21 13:31:42.255 [main] BaseClass - User Has Launched Chrome Browser
[INFO ] 2023-01-21 13:31:50.673 [main] BaseClass - User Has Launched Chrome Browser
[INFO ] 2023-01-21 13:31:57.280 [main] BaseClass - User Has Launched Chrome Browser
[INFO ] 2023-01-21 13:32:06.242 [main] BaseClass - User Has Launched Chrome Browser
[INFO ] 2023-01-21 13:32:21.843 [main] BaseClass - User Has Launched Chrome Browser
[INFO ] 2023-01-21 13:32:28.494 [main] BaseClass - User Is Navigated To Their Respective Pages
[INFO ] 2023-01-21 13:32:44.766 [main] BaseClass - User Navigated To Product Page Title: iMac
[INFO ] 2023-01-21 13:32:47.104 [main] BaseClass - User Navigated To Product Page Title: iMac
[INFO ] 2023-01-21 13:32:57.351 [main] BaseClass - User Navigated To Product Page Title: iMac
[INFO ] 2023-01-21 13:33:01.252 [main] BaseClass - User Navigated To Product Page Title: HP LP3065
[INFO ] 2023-01-21 13:33:09.588 [main] BaseClass - User Has Launched Chrome Browser
[INFO ] 2023-01-21 13:33:12.347 [main] BaseClass - User Navigated To Product Page Title: iMac
[INFO ] 2023-01-21 13:33:19.650 [main] BaseClass - User Has Launched Chrome Browser
[INFO ] 2023-01-21 13:33:22.777 [main] BaseClass - User Navigated To Product Page Title: iMac
[INFO ] 2023-01-21 13:33:29.745 [main] BaseClass - User Has Launched Chrome Browser
[INFO ] 2023-01-21 13:33:32.674 [main] BaseClass - User Navigated To Product Page Title: iMac
[INFO ] 2023-01-21 13:33:32.775 [main] BaseClass - Product Code :Product Code: Product 14
[INFO ] 2023-01-21 13:33:32.863 [main] BaseClass - Product Availabity Status :Availability: Out Of Stock
[INFO ] 2023-01-21 13:33:37.968 [main] BaseClass - User Has Launched Chrome Browser
[INFO ] 2023-01-21 13:33:41.862 [main] BaseClass - User Navigated To Product Page Title: iMac
[INFO ] 2023-01-21 13:33:48.104 [main] BaseClass - User Has Launched Chrome Browser
[INFO ] 2023-01-21 13:33:51.932 [main] BaseClass - User Navigated To Product Page Title: iMac
[INFO ] 2023-01-21 13:33:52.212 [main] BaseClass - Review Tab Opened On Product Display Page
[INFO ] 2023-01-21 13:33:59.632 [main] BaseClass - User Has Launched Chrome Browser
[INFO ] 2023-01-21 13:34:02.673 [main] BaseClass - User Navigated To Product Page Title: iMac
[INFO ] 2023-01-21 13:34:02.909 [main] BaseClass - Review Tab Opened On Product Display Page
[INFO ] 2023-01-21 13:34:02.911 [main] BaseClass - User Will Not Enter Any Reviews In Review Fields
[INFO ] 2023-01-21 13:34:08.883 [main] BaseClass - User Has Launched Chrome Browser
[INFO ] 2023-01-21 13:34:14.056 [main] BaseClass - User Navigated To Product Page Title: iMac
[INFO ] 2023-01-21 13:34:20.277 [main] BaseClass - User Has Launched Chrome Browser
[INFO ] 2023-01-21 13:34:23.461 [main] BaseClass - User Navigated To Product Page Title: iMac
[INFO ] 2023-01-21 13:34:29.323 [main] BaseClass - User Has Launched Chrome Browser
[INFO ] 2023-01-21 13:34:34.515 [main] BaseClass - User Navigated To Product Page Title: iMac
[INFO ] 2023-01-21 13:34:35.820 [main] BaseClass - User Navigated To Product Page Title: My Wish List
[INFO ] 2023-01-21 13:34:40.910 [main] BaseClass - User Has Launched Chrome Browser
[INFO ] 2023-01-21 13:34:44.283 [main] BaseClass - User Navigated To Product Page Title: iMac
[INFO ] 2023-01-21 13:34:46.951 [main] BaseClass - User Navigated To Product Page Title: iMac
[INFO ] 2023-01-21 13:34:52.239 [main] BaseClass - User Has Launched Chrome Browser
[INFO ] 2023-01-21 13:34:55.981 [main] BaseClass - User Navigated To Product Page Title: iMac
[INFO ] 2023-01-21 13:34:56.142 [main] BaseClass - Thumbnail Image Of Product Displayed
[INFO ] 2023-01-21 13:34:56.708 [main] BaseClass - User Navigated To Other Thumbnail Image In The Light Box
[INFO ] 2023-01-21 13:35:02.017 [main] BaseClass - User Has Launched Chrome Browser
[INFO ] 2023-01-21 13:35:10.085 [main] BaseClass - User Has Launched Chrome Browser
[INFO ] 2023-01-21 13:35:18.351 [main] BaseClass - User Has Launched Chrome Browser
[INFO ] 2023-01-21 13:35:31.318 [main] BaseClass - User Has Launched Chrome Browser
[INFO ] 2023-01-21 13:35:41.712 [main] BaseClass - User Has Launched Chrome Browser
[INFO ] 2023-01-21 13:35:49.804 [main] BaseClass - User Has Launched Chrome Browser
[INFO ] 2023-01-21 13:35:58.883 [main] BaseClass - User Has Launched Chrome Browser
[INFO ] 2023-01-21 13:36:08.066 [main] BaseClass - User Has Launched Chrome Browser
[INFO ] 2023-01-21 13:36:16.215 [main] BaseClass - User Has Launched Chrome Browser
[INFO ] 2023-01-21 13:36:24.569 [main] BaseClass - User Has Launched Chrome Browser
[INFO ] 2023-01-21 13:36:35.402 [main] BaseClass - User Has Launched Chrome Browser
[INFO ] 2023-01-21 13:36:44.990 [main] BaseClass - User Has Launched Chrome Browser
[INFO ] 2023-01-21 13:36:56.565 [main] BaseClass - User Has Launched Chrome Browser
[INFO ] 2023-01-21 13:37:07.760 [main] BaseClass - User Has Launched Chrome Browser
[INFO ] 2023-01-21 13:37:09.044 [main] BaseClass - User Has Not Given Any Credentials
[INFO ] 2023-01-21 13:37:15.860 [main] BaseClass - User Has Launched Chrome Browser
[INFO ] 2023-01-21 13:37:24.097 [main] BaseClass - User Has Launched Chrome Browser
[INFO ] 2023-01-21 13:37:32.647 [main] BaseClass - User Has Launched Chrome Browser
[INFO ] 2023-01-21 13:37:45.215 [main] BaseClass - User Has Launched Chrome Browser
[INFO ] 2023-01-21 13:37:54.971 [main] BaseClass - User Has Launched Chrome Browser
[INFO ] 2023-01-21 13:38:09.892 [main] BaseClass - User Has Launched Chrome Browser
[INFO ] 2023-01-21 13:38:24.765 [main] BaseClass - User Has Launched Chrome Browser
[INFO ] 2023-01-21 13:38:39.042 [main] BaseClass - User Has Launched Chrome Browser
[INFO ] 2023-01-21 13:38:49.321 [main] BaseClass - User Has Launched Chrome Browser
[INFO ] 2023-01-21 13:38:59.435 [main] BaseClass - User Has Launched Chrome Browser
[INFO ] 2023-01-21 13:39:08.609 [main] BaseClass - User Has Launched Chrome Browser
[INFO ] 2023-01-21 13:39:17.428 [main] BaseClass - User Has Launched Chrome Browser
[INFO ] 2023-01-21 13:39:25.856 [main] BaseClass - User Has Launched Chrome Browser
[INFO ] 2023-01-21 13:39:38.952 [main] BaseClass - User Has Launched Chrome Browser
[INFO ] 2023-01-21 13:39:49.637 [main] BaseClass - User Has Launched Chrome Browser
[INFO ] 2023-01-21 13:39:57.664 [main] BaseClass - User Has Launched Chrome Browser
[INFO ] 2023-01-21 13:40:05.917 [main] BaseClass - User Has Launched Chrome Browser
[INFO ] 2023-01-21 13:40:13.986 [main] BaseClass - User Has Launched Chrome Browser
[INFO ] 2023-01-21 13:40:22.273 [main] BaseClass - User Has Launched Chrome Browser
[INFO ] 2023-01-21 13:40:30.145 [main] BaseClass - User Has Launched Chrome Browser
[INFO ] 2023-01-21 13:40:38.840 [main] BaseClass - User Has Launched Chrome Browser
[INFO ] 2023-01-21 13:40:41.205 [main] BaseClass - User Will Purchase Products Having Reward Points
[INFO ] 2023-01-21 13:40:46.727 [main] BaseClass - User Has Launched Chrome Browser
[INFO ] 2023-01-21 13:40:53.833 [main] BaseClass - User Has Launched Chrome Browser
[INFO ] 2023-01-21 13:40:59.900 [main] BaseClass - User Has Launched Chrome Browser
[INFO ] 2023-01-21 13:40:59.903 [main] BaseClass - No Product Entered Into Search TextField
[INFO ] 2023-01-21 13:41:06.127 [main] BaseClass - User Has Launched Chrome Browser
[INFO ] 2023-01-21 13:41:14.422 [main] BaseClass - User Has Launched Chrome Browser
[INFO ] 2023-01-21 13:41:20.619 [main] BaseClass - User Has Launched Chrome Browser
[INFO ] 2023-01-21 13:41:28.710 [main] BaseClass - User Has Launched Chrome Browser
[INFO ] 2023-01-21 13:41:28.712 [main] BaseClass - No Product Entered Into Search TextField
[INFO ] 2023-01-21 13:41:35.231 [main] BaseClass - User Has Launched Chrome Browser
[INFO ] 2023-01-21 13:41:35.233 [main] BaseClass - No Product Entered Into Search TextField
[INFO ] 2023-01-21 13:41:41.757 [main] BaseClass - User Has Launched Chrome Browser
[INFO ] 2023-01-21 13:41:41.758 [main] BaseClass - No Product Entered Into Search TextField
[INFO ] 2023-01-21 13:41:48.533 [main] BaseClass - User Has Launched Chrome Browser
[INFO ] 2023-01-21 13:41:48.535 [main] BaseClass - No Product Entered Into Search TextField
[INFO ] 2023-01-21 13:41:56.576 [main] BaseClass - User Has Launched Chrome Browser
[INFO ] 2023-01-21 13:41:59.605 [main] BaseClass - User Navigated To Product Page Title: iMac
[INFO ] 2023-01-21 13:42:05.607 [main] BaseClass - User Has Launched Chrome Browser
[INFO ] 2023-01-21 13:42:08.973 [main] BaseClass - User Navigated To Product Page Title: iMac
[INFO ] 2023-01-21 13:42:15.974 [main] BaseClass - User Has Launched Chrome Browser
[INFO ] 2023-01-21 13:42:20.120 [main] BaseClass - User Navigated To Product Page Title: iMac
[INFO ] 2023-01-21 13:42:26.988 [main] BaseClass - User Has Launched Chrome Browser
[INFO ] 2023-01-21 13:42:30.256 [main] BaseClass - User Navigated To Product Page Title: iMac
[INFO ] 2023-01-21 13:42:37.087 [main] BaseClass - User Has Launched Chrome Browser
[INFO ] 2023-01-21 13:42:44.676 [main] BaseClass - User Has Launched Chrome Browser
[INFO ] 2023-01-21 13:42:56.253 [main] BaseClass - User Has Launched Chrome Browser
[INFO ] 2023-01-21 13:43:00.023 [main] BaseClass - User Navigated To Product Page Title: iMac
[INFO ] 2023-01-21 13:43:06.890 [main] BaseClass - User Has Launched Chrome Browser
[INFO ] 2023-01-21 13:43:10.304 [main] BaseClass - User Navigated To Product Page Title: iMac
[INFO ] 2023-01-21 13:43:18.251 [main] BaseClass - User Has Launched Chrome Browser
[INFO ] 2023-01-21 13:43:26.009 [main] BaseClass - User Has Launched Chrome Browser
[INFO ] 2023-01-21 13:43:33.252 [main] BaseClass - User Has Launched Chrome Browser
[INFO ] 2023-01-21 13:43:38.455 [main] BaseClass - User Has Launched Chrome Browser
[INFO ] 2023-01-21 13:43:41.816 [main] BaseClass - User Navigated To Product Page Title: HP LP3065
[INFO ] 2023-01-21 13:43:51.186 [main] BaseClass - User Has Launched Chrome Browser
[INFO ] 2023-01-21 13:43:55.044 [main] BaseClass - User Navigated To Product Page Title: HP LP3065
[INFO ] 2023-01-21 13:44:07.045 [main] BaseClass - User Has Launched Chrome Browser
[INFO ] 2023-01-21 13:44:10.050 [main] BaseClass - User Navigated To Product Page Title: HP LP3065
[INFO ] 2023-01-21 13:44:11.809 [main] BaseClass - Product Removed from shopping cart page
[INFO ] 2023-01-21 13:44:18.927 [main] BaseClass - User Has Launched Chrome Browser
[INFO ] 2023-01-21 13:44:22.069 [main] BaseClass - User Navigated To Product Page Title: HP LP3065
[INFO ] 2023-01-21 13:44:29.771 [main] BaseClass - User Has Launched Chrome Browser
[INFO ] 2023-01-21 13:44:32.802 [main] BaseClass - User Navigated To Product Page Title: HP LP3065
[INFO ] 2023-01-21 13:44:47.996 [main] BaseClass - User Has Launched Chrome Browser
[INFO ] 2023-01-21 13:45:07.861 [main] BaseClass - User Has Launched Chrome Browser
[INFO ] 2023-01-21 13:45:20.635 [main] BaseClass - User Has Launched Chrome Browser
[INFO ] 2023-01-21 13:45:30.588 [main] BaseClass - User Has Launched Chrome Browser
[INFO ] 2023-01-21 13:45:34.603 [main] BaseClass - User Navigated To Product Page Title: Apple Cinema 30
[INFO ] 2023-01-21 13:45:40.348 [main] BaseClass - User Has Launched Chrome Browser
[INFO ] 2023-01-21 13:45:50.076 [main] BaseClass - User Has Launched Chrome Browser
[INFO ] 2023-01-21 13:45:56.842 [main] BaseClass - User Has Launched Chrome Browser
[INFO ] 2023-01-21 13:46:05.168 [main] BaseClass - User Has Launched Chrome Browser
[INFO ] 2023-01-21 13:46:13.654 [main] BaseClass - User Has Launched Chrome Browser
[INFO ] 2023-01-21 13:46:22.505 [main] BaseClass - User Has Launched Chrome Browser
[INFO ] 2023-01-21 13:46:33.088 [main] BaseClass - User Has Launched Chrome Browser
[INFO ] 2023-01-21 13:46:42.269 [main] BaseClass - User Has Launched Chrome Browser
[INFO ] 2023-01-21 13:46:53.377 [main] BaseClass - User Has Launched Chrome Browser
[INFO ] 2023-01-21 13:46:55.597 [main] BaseClass - No Products Available To Get Transaction History
[INFO ] 2023-01-21 13:47:01.538 [main] BaseClass - User Has Launched Chrome Browser
[INFO ] 2023-01-21 13:47:06.733 [main] BaseClass - User Navigated To Product Page Title: iMac
[INFO ] 2023-01-21 13:47:15.295 [main] BaseClass - User Has Launched Chrome Browser
[INFO ] 2023-01-21 13:47:20.350 [main] BaseClass - User Navigated To Product Page Title: MacBook
[INFO ] 2023-01-21 13:47:29.359 [main] BaseClass - User Has Launched Chrome Browser
[INFO ] 2023-01-21 13:47:34.477 [main] BaseClass - User Navigated To Product Page Title: HP LP3065
[INFO ] 2023-01-21 13:47:42.964 [main] BaseClass - User Has Launched Chrome Browser
[INFO ] 2023-01-21 13:47:52.045 [main] BaseClass - User Has Launched Chrome Browser
[INFO ] 2023-01-21 13:47:59.887 [main] BaseClass - User Has Launched Chrome Browser
[INFO ] 2023-01-21 13:48:07.466 [main] BaseClass - User Has Launched Chrome Browser
[INFO ] 2023-01-21 13:48:12.421 [main] BaseClass - User Navigated To Product Page Title: MacBook
